Using pre-set license
Built from '2022.3/staging' branch; Version is '2022.3.25f1 (530ae0ba3889) revision 5442272'; Using compiler version '192829333'; Build Type 'Release'
OS: 'Windows 10  (10.0.19045) 64bit Enterprise' Language: 'en' Physical Memory: 65276 MB
BatchMode: 1, IsHumanControllingUs: 0, StartBugReporterOnCrash: 0, Is64bit: 1, IsPro: 1

COMMAND LINE ARGUMENTS:
C:\Program Files\Unity\Hub\Editor\2022.3.25f1\Editor\Unity.exe
-adb2
-batchMode
-noUpm
-name
AssetImportWorker0
-projectPath
C:/Users/mrlab/Student/Khan/Solar/My project-7 May/My project-7 May/My project
-logFile
Logs/AssetImportWorker0.log
-srvPort
63757
Successfully changed project path to: C:/Users/mrlab/Student/Khan/Solar/My project-7 May/My project-7 May/My project
C:/Users/mrlab/Student/Khan/Solar/My project-7 May/My project-7 May/My project
[UnityMemory] Configuration Parameters - Can be set up in boot.config
    "memorysetup-bucket-allocator-granularity=16"
    "memorysetup-bucket-allocator-bucket-count=8"
    "memorysetup-bucket-allocator-block-size=33554432"
    "memorysetup-bucket-allocator-block-count=8"
    "memorysetup-main-allocator-block-size=16777216"
    "memorysetup-thread-allocator-block-size=16777216"
    "memorysetup-gfx-main-allocator-block-size=16777216"
    "memorysetup-gfx-thread-allocator-block-size=16777216"
    "memorysetup-cache-allocator-block-size=4194304"
    "memorysetup-typetree-allocator-block-size=2097152"
    "memorysetup-profiler-bucket-allocator-granularity=16"
    "memorysetup-profiler-bucket-allocator-bucket-count=8"
    "memorysetup-profiler-bucket-allocator-block-size=33554432"
    "memorysetup-profiler-bucket-allocator-block-count=8"
    "memorysetup-profiler-allocator-block-size=16777216"
    "memorysetup-profiler-editor-allocator-block-size=1048576"
    "memorysetup-temp-allocator-size-main=16777216"
    "memorysetup-job-temp-allocator-block-size=2097152"
    "memorysetup-job-temp-allocator-block-size-background=1048576"
    "memorysetup-job-temp-allocator-reduction-small-platforms=262144"
    "memorysetup-allocator-temp-initial-block-size-main=262144"
    "memorysetup-allocator-temp-initial-block-size-worker=262144"
    "memorysetup-temp-allocator-size-background-worker=32768"
    "memorysetup-temp-allocator-size-job-worker=262144"
    "memorysetup-temp-allocator-size-preload-manager=33554432"
    "memorysetup-temp-allocator-size-nav-mesh-worker=65536"
    "memorysetup-temp-allocator-size-audio-worker=65536"
    "memorysetup-temp-allocator-size-cloud-worker=32768"
    "memorysetup-temp-allocator-size-gi-baking-worker=262144"
    "memorysetup-temp-allocator-size-gfx=262144"
Player connection [40408] Host "[IP] 130.232.136.217 [Port] 0 [Flags] 2 [Guid] 4208456651 [EditorId] 4208456651 [Version] 1048832 [Id] WindowsEditor(7,TY2401093) [Debug] 1 [PackageName] WindowsEditor [ProjectName] Editor" joined multi-casting on [225.0.0.222:54997]...

Player connection [40408] Host "[IP] 130.232.136.217 [Port] 0 [Flags] 2 [Guid] 4208456651 [EditorId] 4208456651 [Version] 1048832 [Id] WindowsEditor(7,TY2401093) [Debug] 1 [PackageName] WindowsEditor [ProjectName] Editor" joined alternative multi-casting on [225.0.0.222:34997]...

[Physics::Module] Initialized MultithreadedJobDispatcher with 31 workers.
Refreshing native plugins compatible for Editor in 19.01 ms, found 9 plugins.
Preloading 0 native plugins for Editor in 0.00 ms.
Initialize engine version: 2022.3.25f1 (530ae0ba3889)
[Subsystems] Discovering subsystems at path C:/Program Files/Unity/Hub/Editor/2022.3.25f1/Editor/Data/Resources/UnitySubsystems
[Subsystems] Discovering subsystems at path C:/Users/mrlab/Student/Khan/Solar/My project-7 May/My project-7 May/My project/Assets
GfxDevice: creating device client; threaded=0; jobified=0
Direct3D:
    Version:  Direct3D 11.0 [level 11.1]
    Renderer: NVIDIA GeForce RTX 4090 (ID=0x2684)
    Vendor:   NVIDIA
    VRAM:     24156 MB
    Driver:   31.0.15.4665
Initialize mono
Mono path[0] = 'C:/Program Files/Unity/Hub/Editor/2022.3.25f1/Editor/Data/Managed'
Mono path[1] = 'C:/Program Files/Unity/Hub/Editor/2022.3.25f1/Editor/Data/MonoBleedingEdge/lib/mono/unityjit-win32'
Mono config path = 'C:/Program Files/Unity/Hub/Editor/2022.3.25f1/Editor/Data/MonoBleedingEdge/etc'
Using monoOptions --debugger-agent=transport=dt_socket,embedding=1,server=y,suspend=n,address=127.0.0.1:56572
Begin MonoManager ReloadAssembly
Registering precompiled unity dll's ...
Register platform support module: C:/Program Files/Unity/Hub/Editor/2022.3.25f1/Editor/Data/PlaybackEngines/WebGLSupport/UnityEditor.WebGL.Extensions.dll
Register platform support module: C:/Program Files/Unity/Hub/Editor/2022.3.25f1/Editor/Data/PlaybackEngines/WindowsStandaloneSupport/UnityEditor.WindowsStandalone.Extensions.dll
Registered in 0.008559 seconds.
- Loaded All Assemblies, in  0.320 seconds
Native extension for WindowsStandalone target not found
Native extension for WebGL target not found
Mono: successfully reloaded assembly
- Finished resetting the current domain, in  0.249 seconds
Domain Reload Profiling: 567ms
	BeginReloadAssembly (92ms)
		ExecutionOrderSort (0ms)
		DisableScriptedObjects (0ms)
		BackupInstance (0ms)
		ReleaseScriptingObjects (0ms)
		CreateAndSetChildDomain (0ms)
	RebuildCommonClasses (32ms)
	RebuildNativeTypeToScriptingClass (10ms)
	initialDomainReloadingComplete (59ms)
	LoadAllAssembliesAndSetupDomain (126ms)
		LoadAssemblies (91ms)
		RebuildTransferFunctionScriptingTraits (0ms)
		AnalyzeDomain (124ms)
			TypeCache.Refresh (123ms)
				TypeCache.ScanAssembly (109ms)
			ScanForSourceGeneratedMonoScriptInfo (0ms)
			ResolveRequiredComponents (0ms)
	FinalizeReload (249ms)
		ReleaseScriptCaches (0ms)
		RebuildScriptCaches (0ms)
		SetupLoadedEditorAssemblies (196ms)
			LogAssemblyErrors (0ms)
			InitializePlatformSupportModulesInManaged (11ms)
			SetLoadedEditorAssemblies (5ms)
			RefreshPlugins (0ms)
			BeforeProcessingInitializeOnLoad (2ms)
			ProcessInitializeOnLoadAttributes (135ms)
			ProcessInitializeOnLoadMethodAttributes (43ms)
			AfterProcessingInitializeOnLoad (0ms)
			EditorAssembliesLoaded (0ms)
		ExecutionOrderSort2 (0ms)
		AwakeInstancesAfterBackupRestoration (0ms)
========================================================================
Worker process is ready to serve import requests
Begin MonoManager ReloadAssembly
- Loaded All Assemblies, in  0.625 seconds
Refreshing native plugins compatible for Editor in 12.36 ms, found 9 plugins.
Native extension for WindowsStandalone target not found
Native extension for WebGL target not found
Package Manager log level set to [2]
[Package Manager] Server::EnsureServerProcessIsRunning -- launch failed, reason: Unity was launched with the -noUpm command-line argument
[Package Manager] UpmClient::Send -- Unable to send message (not connected to UPM process).
[Package Manager] Cannot connect to Unity Package Manager local server
[Package Manager] Server::EnsureServerProcessIsRunning -- launch failed, reason: Unity was launched with the -noUpm command-line argument
[Package Manager] UpmClient::Send -- Unable to send message (not connected to UPM process).
[Package Manager] Cannot connect to Unity Package Manager local server
Mono: successfully reloaded assembly
[Package Manager] Server::EnsureServerProcessIsRunning -- launch failed, reason: Unity was launched with the -noUpm command-line argument
[Package Manager] UpmClient::Send -- Unable to send message (not connected to UPM process).
[Package Manager] Cannot connect to Unity Package Manager local server
[Package Manager] Server::EnsureServerProcessIsRunning -- launch failed, reason: Unity was launched with the -noUpm command-line argument
[Package Manager] UpmClient::Send -- Unable to send message (not connected to UPM process).
[Package Manager] Cannot connect to Unity Package Manager local server
- Finished resetting the current domain, in  0.784 seconds
Domain Reload Profiling: 1406ms
	BeginReloadAssembly (139ms)
		ExecutionOrderSort (0ms)
		DisableScriptedObjects (5ms)
		BackupInstance (0ms)
		ReleaseScriptingObjects (0ms)
		CreateAndSetChildDomain (20ms)
	RebuildCommonClasses (29ms)
	RebuildNativeTypeToScriptingClass (10ms)
	initialDomainReloadingComplete (39ms)
	LoadAllAssembliesAndSetupDomain (406ms)
		LoadAssemblies (296ms)
		RebuildTransferFunctionScriptingTraits (0ms)
		AnalyzeDomain (192ms)
			TypeCache.Refresh (162ms)
				TypeCache.ScanAssembly (143ms)
			ScanForSourceGeneratedMonoScriptInfo (21ms)
			ResolveRequiredComponents (7ms)
	FinalizeReload (784ms)
		ReleaseScriptCaches (0ms)
		RebuildScriptCaches (0ms)
		SetupLoadedEditorAssemblies (632ms)
			LogAssemblyErrors (0ms)
			InitializePlatformSupportModulesInManaged (8ms)
			SetLoadedEditorAssemblies (4ms)
			RefreshPlugins (0ms)
			BeforeProcessingInitializeOnLoad (72ms)
			ProcessInitializeOnLoadAttributes (495ms)
			ProcessInitializeOnLoadMethodAttributes (46ms)
			AfterProcessingInitializeOnLoad (7ms)
			EditorAssembliesLoaded (0ms)
		ExecutionOrderSort2 (0ms)
		AwakeInstancesAfterBackupRestoration (6ms)
Launched and connected shader compiler UnityShaderCompiler.exe after 0.04 seconds
Refreshing native plugins compatible for Editor in 6.20 ms, found 9 plugins.
Preloading 0 native plugins for Editor in 0.00 ms.
Unloading 4556 Unused Serialized files (Serialized files now loaded: 0)
Unloading 117 unused Assets / (3.7 MB). Loaded Objects now: 4993.
Memory consumption went from 167.9 MB to 164.2 MB.
Total: 3.042900 ms (FindLiveObjects: 0.291900 ms CreateObjectMapping: 0.063600 ms MarkObjects: 2.035100 ms  DeleteObjects: 0.651600 ms)

AssetImportParameters requested are different than current active one (requested -> active):
  custom:container-demuxer-ogg: 62fdf1f143b41e24485cea50d1cbac27 -> 
  custom:video-decoder-ogg-theora: a1e56fd34408186e4bbccfd4996cb3dc -> 
  custom:framework-win-MediaFoundation: 216162199b28c13a410421893ffa2e32 -> 
  custom:CustomObjectIndexerAttribute: 9a22284fe3817be447336de3de66b15e -> 
  custom:container-demuxer-webm: 4f35f7cbe854078d1ac9338744f61a02 -> 
  custom:container-muxer-webm: aa71ff27fc2769a1b78a27578f13a17b -> 
  custom:video-decoder-webm-vp8: 9c59270c3fd7afecdb556c50c9e8de78 -> 
  custom:SearchIndexIgnoredProperties: e643bd26f0fe6173181afceb89e7c659 -> 
  custom:AudioImporter_EditorPlatform: d09bf68614088b80899f8185d706f6e7 -> 
  custom:video-encoder-webm-vp8: eb34c28f22e8b96e1ab97ce403110664 -> 
  custom:audio-decoder-ogg-vorbis: bf7c407c2cedff20999df2af8eb42d56 -> 
  custom:audio-encoder-webm-vorbis: bf7c407c2cedff20999df2af8eb42d56 -> 
========================================================================
Received Import Request.
  Time since last request: 22713.375909 seconds.
  path: Assets/marsskybox.mat
  artifactKey: Guid(303f0cfb1a1769d4d9bca185df4dad65) Importer(815301076,1909f56bfc062723c751e8b465ee728b)
Start importing Assets/marsskybox.mat using Guid(303f0cfb1a1769d4d9bca185df4dad65) Importer(815301076,1909f56bfc062723c751e8b465ee728b)  -> (artifact id: '4caeb4e9e1bacbafe451ec490e0ffb6e') in 0.082211 seconds
Number of updated asset objects reloaded before import = 0
Number of asset objects unloaded after import = 1
========================================================================
Received Import Request.
  Time since last request: 326.639897 seconds.
  path: Assets/Samples/XR Interaction Toolkit/2.5.4/Starter Assets/DemoSceneAssets/Sprites/Asset.png
  artifactKey: Guid(17d565bb4a7744b41b7e4dc7e3a09e35) Importer(815301076,1909f56bfc062723c751e8b465ee728b)
Start importing Assets/Samples/XR Interaction Toolkit/2.5.4/Starter Assets/DemoSceneAssets/Sprites/Asset.png using Guid(17d565bb4a7744b41b7e4dc7e3a09e35) Importer(815301076,1909f56bfc062723c751e8b465ee728b)  -> (artifact id: 'dee79f8defb4b748b796c5991b49c40b') in 0.030177 seconds
Number of updated asset objects reloaded before import = 0
Number of asset objects unloaded after import = 3
========================================================================
Received Import Request.
  Time since last request: 0.018992 seconds.
  path: Assets/Free Skyboxes - Space/SBS Space 5/Large/Textures/Back_Large.png
  artifactKey: Guid(459d3386f18ce49439642f2f2b677956) Importer(815301076,1909f56bfc062723c751e8b465ee728b)
Start importing Assets/Free Skyboxes - Space/SBS Space 5/Large/Textures/Back_Large.png using Guid(459d3386f18ce49439642f2f2b677956) Importer(815301076,1909f56bfc062723c751e8b465ee728b)  -> (artifact id: 'a6b3166582e2e580b6b09775b9f59448') in 0.391709 seconds
Number of updated asset objects reloaded before import = 0
Number of asset objects unloaded after import = 2
========================================================================
Received Import Request.
  Time since last request: 0.000037 seconds.
  path: Assets/Free Skyboxes - Space/SBS Space 3/Medium/Textures/Down_Medium.png
  artifactKey: Guid(e85879f228f8b744ea357b8333487cab) Importer(815301076,1909f56bfc062723c751e8b465ee728b)
Start importing Assets/Free Skyboxes - Space/SBS Space 3/Medium/Textures/Down_Medium.png using Guid(e85879f228f8b744ea357b8333487cab) Importer(815301076,1909f56bfc062723c751e8b465ee728b)  -> (artifact id: '0ef55b45186e0401d8ef73c6948e1306') in 0.055726 seconds
Number of updated asset objects reloaded before import = 0
Number of asset objects unloaded after import = 2
========================================================================
Received Import Request.
  Time since last request: 0.000052 seconds.
  path: Assets/Free Skyboxes - Space/SBS Space 5/Medium/Textures/Down_Medium.png
  artifactKey: Guid(141d6ae5b0479744eb75129a7c911d08) Importer(815301076,1909f56bfc062723c751e8b465ee728b)
Start importing Assets/Free Skyboxes - Space/SBS Space 5/Medium/Textures/Down_Medium.png using Guid(141d6ae5b0479744eb75129a7c911d08) Importer(815301076,1909f56bfc062723c751e8b465ee728b)  -> (artifact id: '05868c24b5496c7327c3659a77a54023') in 0.037399 seconds
Number of updated asset objects reloaded before import = 0
Number of asset objects unloaded after import = 2
========================================================================
Received Import Request.
  Time since last request: 0.000029 seconds.
  path: Assets/Free Skyboxes - Space/SBS Space 3/Large/Textures/Left_Large.png
  artifactKey: Guid(54c929aedbca3f14585e03dfa59f4b07) Importer(815301076,1909f56bfc062723c751e8b465ee728b)
Start importing Assets/Free Skyboxes - Space/SBS Space 3/Large/Textures/Left_Large.png using Guid(54c929aedbca3f14585e03dfa59f4b07) Importer(815301076,1909f56bfc062723c751e8b465ee728b)  -> (artifact id: 'f7be378077d1c52732d1d5001db1dfb7') in 0.112700 seconds
Number of updated asset objects reloaded before import = 0
Number of asset objects unloaded after import = 2
========================================================================
Received Import Request.
  Time since last request: 0.000018 seconds.
  path: Assets/Free Skyboxes - Space/SBS Space 3/Medium/Textures/Up_Medium.png
  artifactKey: Guid(bd25998505741af4c8e660e384d37c4a) Importer(815301076,1909f56bfc062723c751e8b465ee728b)
Start importing Assets/Free Skyboxes - Space/SBS Space 3/Medium/Textures/Up_Medium.png using Guid(bd25998505741af4c8e660e384d37c4a) Importer(815301076,1909f56bfc062723c751e8b465ee728b)  -> (artifact id: '6077d1648efff971d78e5b15f6a9ec68') in 0.033476 seconds
Number of updated asset objects reloaded before import = 0
Number of asset objects unloaded after import = 2
========================================================================
Received Import Request.
  Time since last request: 0.000030 seconds.
  path: Assets/Free Skyboxes - Space/SBS Space 5/Small/Textures/Front_Small.png
  artifactKey: Guid(c1123a8ea1e770b4c91aa080a45a7a37) Importer(815301076,1909f56bfc062723c751e8b465ee728b)
Start importing Assets/Free Skyboxes - Space/SBS Space 5/Small/Textures/Front_Small.png using Guid(c1123a8ea1e770b4c91aa080a45a7a37) Importer(815301076,1909f56bfc062723c751e8b465ee728b)  -> (artifact id: '5b629059c1b7dc64f60221772a0f9943') in 0.019412 seconds
Number of updated asset objects reloaded before import = 0
Number of asset objects unloaded after import = 2
========================================================================
Received Import Request.
  Time since last request: 0.000029 seconds.
  path: Assets/Free Skyboxes - Space/SBS Space 4/Small/Textures/Down_Small.png
  artifactKey: Guid(4c863b02270065b4684b36a141ebad4f) Importer(815301076,1909f56bfc062723c751e8b465ee728b)
Start importing Assets/Free Skyboxes - Space/SBS Space 4/Small/Textures/Down_Small.png using Guid(4c863b02270065b4684b36a141ebad4f) Importer(815301076,1909f56bfc062723c751e8b465ee728b)  -> (artifact id: '2d55b6e340030ba6b33809e0bc55e0ec') in 0.015920 seconds
Number of updated asset objects reloaded before import = 0
Number of asset objects unloaded after import = 2
========================================================================
Received Import Request.
  Time since last request: 0.000036 seconds.
  path: Assets/Free Skyboxes - Space/SBS Space 1/Medium/Textures/Front_Space 1 Medium.png
  artifactKey: Guid(3a5e5648c0d7e8f448d05fc0c57d4900) Importer(815301076,1909f56bfc062723c751e8b465ee728b)
Start importing Assets/Free Skyboxes - Space/SBS Space 1/Medium/Textures/Front_Space 1 Medium.png using Guid(3a5e5648c0d7e8f448d05fc0c57d4900) Importer(815301076,1909f56bfc062723c751e8b465ee728b)  -> (artifact id: '370f4efc3481395af1e0694ff216da28') in 0.033275 seconds
Number of updated asset objects reloaded before import = 0
Number of asset objects unloaded after import = 2
========================================================================
Received Import Request.
  Time since last request: 0.000016 seconds.
  path: Assets/Free Skyboxes - Space/SBS Space 5/Large/Textures/Front_Large.png
  artifactKey: Guid(f0feafb2fd7e34d469eeb07d64531034) Importer(815301076,1909f56bfc062723c751e8b465ee728b)
Start importing Assets/Free Skyboxes - Space/SBS Space 5/Large/Textures/Front_Large.png using Guid(f0feafb2fd7e34d469eeb07d64531034) Importer(815301076,1909f56bfc062723c751e8b465ee728b)  -> (artifact id: 'ae3a7c531eb500e1fa90c23f5f9f78d5') in 0.108714 seconds
Number of updated asset objects reloaded before import = 0
Number of asset objects unloaded after import = 2
========================================================================
Received Import Request.
  Time since last request: 0.000031 seconds.
  path: Assets/Free Skyboxes - Space/SBS Space 5/Medium/Textures/Up_Medium.png
  artifactKey: Guid(8525860a718e3f74996041e28fa3c8c4) Importer(815301076,1909f56bfc062723c751e8b465ee728b)
Start importing Assets/Free Skyboxes - Space/SBS Space 5/Medium/Textures/Up_Medium.png using Guid(8525860a718e3f74996041e28fa3c8c4) Importer(815301076,1909f56bfc062723c751e8b465ee728b)  -> (artifact id: '5f734e4452ce9ccb7eaa10d215d167f0') in 0.037721 seconds
Number of updated asset objects reloaded before import = 0
Number of asset objects unloaded after import = 2
========================================================================
Received Import Request.
  Time since last request: 0.000031 seconds.
  path: Assets/Free Skyboxes - Space/SBS Space 5/Large/Textures/Down_Large.png
  artifactKey: Guid(3eacc986662955343af3d038bfcb37c1) Importer(815301076,1909f56bfc062723c751e8b465ee728b)
Start importing Assets/Free Skyboxes - Space/SBS Space 5/Large/Textures/Down_Large.png using Guid(3eacc986662955343af3d038bfcb37c1) Importer(815301076,1909f56bfc062723c751e8b465ee728b)  -> (artifact id: '60fb468ba67870f417058c9850367bac') in 0.144428 seconds
Number of updated asset objects reloaded before import = 0
Number of asset objects unloaded after import = 2
========================================================================
Received Import Request.
  Time since last request: 0.000039 seconds.
  path: Assets/Free Skyboxes - Space/SBS Space 5/Small/Textures/Up_Small.png
  artifactKey: Guid(51bd20b17a699834ab9f406b0ea852cd) Importer(815301076,1909f56bfc062723c751e8b465ee728b)
Start importing Assets/Free Skyboxes - Space/SBS Space 5/Small/Textures/Up_Small.png using Guid(51bd20b17a699834ab9f406b0ea852cd) Importer(815301076,1909f56bfc062723c751e8b465ee728b)  -> (artifact id: '613c5d1183fdff840580d58d3488aa44') in 0.035105 seconds
Number of updated asset objects reloaded before import = 0
Number of asset objects unloaded after import = 2
========================================================================
Received Import Request.
  Time since last request: 0.000051 seconds.
  path: Assets/Free Skyboxes - Space/SBS Space 2/Medium/Textures/Up_Skybox_Space 2 Medium.png
  artifactKey: Guid(58cd44a803e92cb429bff158cb99b576) Importer(815301076,1909f56bfc062723c751e8b465ee728b)
Start importing Assets/Free Skyboxes - Space/SBS Space 2/Medium/Textures/Up_Skybox_Space 2 Medium.png using Guid(58cd44a803e92cb429bff158cb99b576) Importer(815301076,1909f56bfc062723c751e8b465ee728b)  -> (artifact id: '7aced2be2a1a43ee61d7c9f8230109c2') in 0.048687 seconds
Number of updated asset objects reloaded before import = 0
Number of asset objects unloaded after import = 2
========================================================================
Received Import Request.
  Time since last request: 0.000017 seconds.
  path: Assets/Free Skyboxes - Space/SBS Space 1/Small/Textures/Up_Space 1 Small.png
  artifactKey: Guid(104a2646e9ff5c54c8f84995029cd0ad) Importer(815301076,1909f56bfc062723c751e8b465ee728b)
Start importing Assets/Free Skyboxes - Space/SBS Space 1/Small/Textures/Up_Space 1 Small.png using Guid(104a2646e9ff5c54c8f84995029cd0ad) Importer(815301076,1909f56bfc062723c751e8b465ee728b)  -> (artifact id: '227fcbce97b15e6d799cbb6481d38229') in 0.029804 seconds
Number of updated asset objects reloaded before import = 0
Number of asset objects unloaded after import = 2
========================================================================
Received Import Request.
  Time since last request: 0.000025 seconds.
  path: Assets/Free Skyboxes - Space/SBS Space 3/Small/Textures/Back_Small.png
  artifactKey: Guid(8d9b1b3d59b9f2849b749a77a3523bd2) Importer(815301076,1909f56bfc062723c751e8b465ee728b)
Start importing Assets/Free Skyboxes - Space/SBS Space 3/Small/Textures/Back_Small.png using Guid(8d9b1b3d59b9f2849b749a77a3523bd2) Importer(815301076,1909f56bfc062723c751e8b465ee728b)  -> (artifact id: '73a724bcd80f9b492d480d82b2dd7648') in 0.015514 seconds
Number of updated asset objects reloaded before import = 0
Number of asset objects unloaded after import = 2
========================================================================
Received Import Request.
  Time since last request: 0.000014 seconds.
  path: Assets/Free Skyboxes - Space/SBS Space 3/Large/Textures/Front_Large.png
  artifactKey: Guid(88a6a5f3bd269e0409ec34a1e9177389) Importer(815301076,1909f56bfc062723c751e8b465ee728b)
Start importing Assets/Free Skyboxes - Space/SBS Space 3/Large/Textures/Front_Large.png using Guid(88a6a5f3bd269e0409ec34a1e9177389) Importer(815301076,1909f56bfc062723c751e8b465ee728b)  -> (artifact id: '4a516e9cc19869055540338e015602ab') in 0.123622 seconds
Number of updated asset objects reloaded before import = 0
Number of asset objects unloaded after import = 2
========================================================================
Received Import Request.
  Time since last request: 0.000033 seconds.
  path: Assets/Free Skyboxes - Space/SBS Space 2/Large/Textures/Up_Large.png
  artifactKey: Guid(308d6a17d4236d5419559de61407154d) Importer(815301076,1909f56bfc062723c751e8b465ee728b)
Start importing Assets/Free Skyboxes - Space/SBS Space 2/Large/Textures/Up_Large.png using Guid(308d6a17d4236d5419559de61407154d) Importer(815301076,1909f56bfc062723c751e8b465ee728b)  -> (artifact id: '2ff8f22f4e4d62e71087fe87e78a5cf8') in 0.105275 seconds
Number of updated asset objects reloaded before import = 0
Number of asset objects unloaded after import = 2
========================================================================
Received Import Request.
  Time since last request: 0.000087 seconds.
  path: Assets/Free Skyboxes - Space/SBS Space 5/Medium/Textures/Front_Medium.png
  artifactKey: Guid(1ae62d1682e1adc418f05862e6b3b9a3) Importer(815301076,1909f56bfc062723c751e8b465ee728b)
Start importing Assets/Free Skyboxes - Space/SBS Space 5/Medium/Textures/Front_Medium.png using Guid(1ae62d1682e1adc418f05862e6b3b9a3) Importer(815301076,1909f56bfc062723c751e8b465ee728b)  -> (artifact id: 'b7a044d4126b5edae51648553e0f3479') in 0.037469 seconds
Number of updated asset objects reloaded before import = 0
Number of asset objects unloaded after import = 2
========================================================================
Received Import Request.
  Time since last request: 0.000018 seconds.
  path: Assets/Free Skyboxes - Space/SBS Space 4/Large/Textures/Down_Large.png
  artifactKey: Guid(3844a50129f37bf429a3642e62573682) Importer(815301076,1909f56bfc062723c751e8b465ee728b)
Start importing Assets/Free Skyboxes - Space/SBS Space 4/Large/Textures/Down_Large.png using Guid(3844a50129f37bf429a3642e62573682) Importer(815301076,1909f56bfc062723c751e8b465ee728b)  -> (artifact id: '64ad5d5b11377502f905a384de72a332') in 0.043513 seconds
Number of updated asset objects reloaded before import = 0
Number of asset objects unloaded after import = 2
========================================================================
Received Import Request.
  Time since last request: 0.000021 seconds.
  path: Assets/Free Skyboxes - Space/SBS Space 1/Large/Textures/Back_Space 1 Large.png
  artifactKey: Guid(0b268821f988b7549b282e6fdd1a4725) Importer(815301076,1909f56bfc062723c751e8b465ee728b)
Start importing Assets/Free Skyboxes - Space/SBS Space 1/Large/Textures/Back_Space 1 Large.png using Guid(0b268821f988b7549b282e6fdd1a4725) Importer(815301076,1909f56bfc062723c751e8b465ee728b)  -> (artifact id: 'bc785f314e20609a516ebf4bba881050') in 0.327207 seconds
Number of updated asset objects reloaded before import = 0
Number of asset objects unloaded after import = 2
========================================================================
Received Import Request.
  Time since last request: 0.000020 seconds.
  path: Assets/Free Skyboxes - Space/SBS Space 1/Medium/Textures/Down_Space 1 Medium.png
  artifactKey: Guid(97338ff225357e3408efbe3910f1cbb6) Importer(815301076,1909f56bfc062723c751e8b465ee728b)
Start importing Assets/Free Skyboxes - Space/SBS Space 1/Medium/Textures/Down_Space 1 Medium.png using Guid(97338ff225357e3408efbe3910f1cbb6) Importer(815301076,1909f56bfc062723c751e8b465ee728b)  -> (artifact id: '75559b55172391cc6dd92c676d4070c4') in 0.035430 seconds
Number of updated asset objects reloaded before import = 0
Number of asset objects unloaded after import = 2
========================================================================
Received Import Request.
  Time since last request: 0.000020 seconds.
  path: Assets/Free Skyboxes - Space/SBS Space 2/Small/Textures/Front_Skybox_Space 2 Small.png
  artifactKey: Guid(91d28188fefb9af4c8260e3f68055e04) Importer(815301076,1909f56bfc062723c751e8b465ee728b)
Start importing Assets/Free Skyboxes - Space/SBS Space 2/Small/Textures/Front_Skybox_Space 2 Small.png using Guid(91d28188fefb9af4c8260e3f68055e04) Importer(815301076,1909f56bfc062723c751e8b465ee728b)  -> (artifact id: 'f0821c0ee5bb1894ac4537b356084de6') in 0.019113 seconds
Number of updated asset objects reloaded before import = 0
Number of asset objects unloaded after import = 2
========================================================================
Received Import Request.
  Time since last request: 0.000011 seconds.
  path: Assets/Free Skyboxes - Space/SBS Space 5/Small/Textures/Back_Small.png
  artifactKey: Guid(066c69a4e9cdc1d47a7727d10c0df553) Importer(815301076,1909f56bfc062723c751e8b465ee728b)
Start importing Assets/Free Skyboxes - Space/SBS Space 5/Small/Textures/Back_Small.png using Guid(066c69a4e9cdc1d47a7727d10c0df553) Importer(815301076,1909f56bfc062723c751e8b465ee728b)  -> (artifact id: '7eca5ff5315a2826acd6f492dd3fab7c') in 0.011359 seconds
Number of updated asset objects reloaded before import = 0
Number of asset objects unloaded after import = 2
========================================================================
Received Import Request.
  Time since last request: 0.000013 seconds.
  path: Assets/Samples/XR Interaction Toolkit/2.5.4/Starter Assets/DemoSceneAssets/Sprites/Circle_60x60_Horizontal.png
  artifactKey: Guid(e45f8f823c093d941855bb23b53b9414) Importer(815301076,1909f56bfc062723c751e8b465ee728b)
Start importing Assets/Samples/XR Interaction Toolkit/2.5.4/Starter Assets/DemoSceneAssets/Sprites/Circle_60x60_Horizontal.png using Guid(e45f8f823c093d941855bb23b53b9414) Importer(815301076,1909f56bfc062723c751e8b465ee728b)  -> (artifact id: 'fcf6e3da45126c7cdd505c156b11754a') in 0.012873 seconds
Number of updated asset objects reloaded before import = 0
Number of asset objects unloaded after import = 3
========================================================================
Received Import Request.
  Time since last request: 0.000017 seconds.
  path: Assets/Free Skyboxes - Space/SBS Space 3/Small/Textures/Up_Small.png
  artifactKey: Guid(b6c81d1f5e954a54bbe15b4f163d2e1a) Importer(815301076,1909f56bfc062723c751e8b465ee728b)
Start importing Assets/Free Skyboxes - Space/SBS Space 3/Small/Textures/Up_Small.png using Guid(b6c81d1f5e954a54bbe15b4f163d2e1a) Importer(815301076,1909f56bfc062723c751e8b465ee728b)  -> (artifact id: '1bc6dc633d1a2a67ef11d8544b820fb0') in 0.016104 seconds
Number of updated asset objects reloaded before import = 0
Number of asset objects unloaded after import = 2
========================================================================
Received Import Request.
  Time since last request: 0.000035 seconds.
  path: Assets/Free Skyboxes - Space/SBS Space 2/Medium/Textures/Back_Skybox_Space 2 Medium.png
  artifactKey: Guid(9dd3467b025d4284fa9bf3f0a37cceb3) Importer(815301076,1909f56bfc062723c751e8b465ee728b)
Start importing Assets/Free Skyboxes - Space/SBS Space 2/Medium/Textures/Back_Skybox_Space 2 Medium.png using Guid(9dd3467b025d4284fa9bf3f0a37cceb3) Importer(815301076,1909f56bfc062723c751e8b465ee728b)  -> (artifact id: 'ecbff655886fbcdf92844eea54047496') in 0.064492 seconds
Number of updated asset objects reloaded before import = 0
Number of asset objects unloaded after import = 2
========================================================================
Received Import Request.
  Time since last request: 0.000029 seconds.
  path: Assets/Free Skyboxes - Space/SBS Space 2/Small/Textures/Left_Skybox_Space 2 Small.png
  artifactKey: Guid(213725af491ec0d479d2657e9e68812d) Importer(815301076,1909f56bfc062723c751e8b465ee728b)
Start importing Assets/Free Skyboxes - Space/SBS Space 2/Small/Textures/Left_Skybox_Space 2 Small.png using Guid(213725af491ec0d479d2657e9e68812d) Importer(815301076,1909f56bfc062723c751e8b465ee728b)  -> (artifact id: '1189688612c669f68266400f06d732ae') in 0.011741 seconds
Number of updated asset objects reloaded before import = 0
Number of asset objects unloaded after import = 2
========================================================================
Received Import Request.
  Time since last request: 0.015770 seconds.
  path: Assets/Free Skyboxes - Space/SBS Space 3/Medium/Textures/Back_Medium.png
  artifactKey: Guid(f35b7ba8c47d415418827d3e09138997) Importer(815301076,1909f56bfc062723c751e8b465ee728b)
Start importing Assets/Free Skyboxes - Space/SBS Space 3/Medium/Textures/Back_Medium.png using Guid(f35b7ba8c47d415418827d3e09138997) Importer(815301076,1909f56bfc062723c751e8b465ee728b)  -> (artifact id: '6e579e844b75ea3fce4725eb5ffe7a47') in 0.031244 seconds
Number of updated asset objects reloaded before import = 0
Number of asset objects unloaded after import = 2
========================================================================
Received Import Request.
  Time since last request: 0.000016 seconds.
  path: Assets/Free Skyboxes - Space/SBS Space 4/Small/Textures/Left_Small.png
  artifactKey: Guid(fb2f74e40e39d6a4fa145c68f6c310bd) Importer(815301076,1909f56bfc062723c751e8b465ee728b)
Start importing Assets/Free Skyboxes - Space/SBS Space 4/Small/Textures/Left_Small.png using Guid(fb2f74e40e39d6a4fa145c68f6c310bd) Importer(815301076,1909f56bfc062723c751e8b465ee728b)  -> (artifact id: 'ddd05ee50aaad7763a9e3a35f7f3a8bb') in 0.018549 seconds
Number of updated asset objects reloaded before import = 0
Number of asset objects unloaded after import = 2
========================================================================
Received Import Request.
  Time since last request: 0.000015 seconds.
  path: Assets/Tree_Textures/translucency_gloss.png
  artifactKey: Guid(73ab176f2e6460242a7f68375f647d29) Importer(815301076,1909f56bfc062723c751e8b465ee728b)
Start importing Assets/Tree_Textures/translucency_gloss.png using Guid(73ab176f2e6460242a7f68375f647d29) Importer(815301076,1909f56bfc062723c751e8b465ee728b)  -> (artifact id: '8e26a98043928faf0116c2d3979c0ef6') in 0.006693 seconds
Number of updated asset objects reloaded before import = 0
Number of asset objects unloaded after import = 2
========================================================================
Received Import Request.
  Time since last request: 0.000018 seconds.
  path: Assets/Free Skyboxes - Space/SBS Space 5/Small/Textures/Down_Small.png
  artifactKey: Guid(38b0037b266d82b4887c1e89262884a3) Importer(815301076,1909f56bfc062723c751e8b465ee728b)
Start importing Assets/Free Skyboxes - Space/SBS Space 5/Small/Textures/Down_Small.png using Guid(38b0037b266d82b4887c1e89262884a3) Importer(815301076,1909f56bfc062723c751e8b465ee728b)  -> (artifact id: '03eafc1455dd60cc87260ac3d5afd45c') in 0.012595 seconds
Number of updated asset objects reloaded before import = 0
Number of asset objects unloaded after import = 2
========================================================================
Received Import Request.
  Time since last request: 0.000024 seconds.
  path: Assets/Free Skyboxes - Space/SBS Space 5/Medium/Textures/Back_Medium.png
  artifactKey: Guid(2f7e278d6fd9bbe4b81a9260743439c6) Importer(815301076,1909f56bfc062723c751e8b465ee728b)
Start importing Assets/Free Skyboxes - Space/SBS Space 5/Medium/Textures/Back_Medium.png using Guid(2f7e278d6fd9bbe4b81a9260743439c6) Importer(815301076,1909f56bfc062723c751e8b465ee728b)  -> (artifact id: '51c8609983cabe06ede3d07f189b0053') in 0.040071 seconds
Number of updated asset objects reloaded before import = 0
Number of asset objects unloaded after import = 2
========================================================================
Received Import Request.
  Time since last request: 0.000024 seconds.
  path: Assets/Free Skyboxes - Space/SBS Space 3/Small/Textures/Right_Small.png
  artifactKey: Guid(73ef011a57b98654dae03da5563ca4df) Importer(815301076,1909f56bfc062723c751e8b465ee728b)
Start importing Assets/Free Skyboxes - Space/SBS Space 3/Small/Textures/Right_Small.png using Guid(73ef011a57b98654dae03da5563ca4df) Importer(815301076,1909f56bfc062723c751e8b465ee728b)  -> (artifact id: 'fa280dc3b7ad63db292a3350d08ad795') in 0.018947 seconds
Number of updated asset objects reloaded before import = 0
Number of asset objects unloaded after import = 2
========================================================================
Received Import Request.
  Time since last request: 0.000013 seconds.
  path: Assets/Free Skyboxes - Space/SBS Space 1/Small/Textures/Right_Space 1 Small.png
  artifactKey: Guid(06dedfca4113f89409a2d89a6d23767e) Importer(815301076,1909f56bfc062723c751e8b465ee728b)
Start importing Assets/Free Skyboxes - Space/SBS Space 1/Small/Textures/Right_Space 1 Small.png using Guid(06dedfca4113f89409a2d89a6d23767e) Importer(815301076,1909f56bfc062723c751e8b465ee728b)  -> (artifact id: 'ccc647151c08f486a8c1e35d36a25b0d') in 0.012112 seconds
Number of updated asset objects reloaded before import = 0
Number of asset objects unloaded after import = 2
========================================================================
Received Import Request.
  Time since last request: 0.000012 seconds.
  path: Assets/Free Skyboxes - Space/SBS Space 4/Small/Textures/Right_Small.png
  artifactKey: Guid(c95d8d580a5bfe043a31afd831470bc8) Importer(815301076,1909f56bfc062723c751e8b465ee728b)
Start importing Assets/Free Skyboxes - Space/SBS Space 4/Small/Textures/Right_Small.png using Guid(c95d8d580a5bfe043a31afd831470bc8) Importer(815301076,1909f56bfc062723c751e8b465ee728b)  -> (artifact id: '81f437772fec7cd32cdf829c198a7c8b') in 0.012611 seconds
Number of updated asset objects reloaded before import = 0
Number of asset objects unloaded after import = 2
========================================================================
Received Import Request.
  Time since last request: 0.000016 seconds.
  path: Assets/Free Skyboxes - Space/SBS Space 1/Medium/Textures/Back_Space 1 Medium.png
  artifactKey: Guid(6cbc4de83b9e0c5449cb12109fe05a85) Importer(815301076,1909f56bfc062723c751e8b465ee728b)
Start importing Assets/Free Skyboxes - Space/SBS Space 1/Medium/Textures/Back_Space 1 Medium.png using Guid(6cbc4de83b9e0c5449cb12109fe05a85) Importer(815301076,1909f56bfc062723c751e8b465ee728b)  -> (artifact id: '81b9dc3e92c146d9bcfa654e9f571446') in 0.027389 seconds
Number of updated asset objects reloaded before import = 0
Number of asset objects unloaded after import = 2
========================================================================
Received Import Request.
  Time since last request: 0.000019 seconds.
  path: Assets/Free Skyboxes - Space/SBS Space 4/Large/Textures/Up_Large.png
  artifactKey: Guid(14fa9485f9bd0ed4c9c158bcee482e8a) Importer(815301076,1909f56bfc062723c751e8b465ee728b)
Start importing Assets/Free Skyboxes - Space/SBS Space 4/Large/Textures/Up_Large.png using Guid(14fa9485f9bd0ed4c9c158bcee482e8a) Importer(815301076,1909f56bfc062723c751e8b465ee728b)  -> (artifact id: '6be2cc88807bc287e3459143790609d6') in 0.015910 seconds
Number of updated asset objects reloaded before import = 0
Number of asset objects unloaded after import = 2
========================================================================
Received Import Request.
  Time since last request: 0.000015 seconds.
  path: Assets/Free Skyboxes - Space/SBS Space 4/Small/Textures/Front_Small.png
  artifactKey: Guid(07feeddea94b7d7469f99e30eecc8909) Importer(815301076,1909f56bfc062723c751e8b465ee728b)
Start importing Assets/Free Skyboxes - Space/SBS Space 4/Small/Textures/Front_Small.png using Guid(07feeddea94b7d7469f99e30eecc8909) Importer(815301076,1909f56bfc062723c751e8b465ee728b)  -> (artifact id: '6c646b140781b094a2fb1f8321f66e49') in 0.011573 seconds
Number of updated asset objects reloaded before import = 0
Number of asset objects unloaded after import = 2
========================================================================
Received Import Request.
  Time since last request: 0.000013 seconds.
  path: Assets/Free Skyboxes - Space/SBS Space 2/Medium/Textures/Front_Skybox_Space 2 Medium.png
  artifactKey: Guid(f62bcaf2428353b46acc15cd218fbe11) Importer(815301076,1909f56bfc062723c751e8b465ee728b)
Start importing Assets/Free Skyboxes - Space/SBS Space 2/Medium/Textures/Front_Skybox_Space 2 Medium.png using Guid(f62bcaf2428353b46acc15cd218fbe11) Importer(815301076,1909f56bfc062723c751e8b465ee728b)  -> (artifact id: '61c25633cc657ab46aca36eb644c1ebe') in 0.030478 seconds
Number of updated asset objects reloaded before import = 0
Number of asset objects unloaded after import = 2
========================================================================
Received Import Request.
  Time since last request: 0.000011 seconds.
  path: Assets/Samples/XR Interaction Toolkit/2.5.4/Starter Assets/DemoSceneAssets/Sprites/Round Radius 4 Outline.png
  artifactKey: Guid(b7bad1260586fa746a0b67e930892936) Importer(815301076,1909f56bfc062723c751e8b465ee728b)
Start importing Assets/Samples/XR Interaction Toolkit/2.5.4/Starter Assets/DemoSceneAssets/Sprites/Round Radius 4 Outline.png using Guid(b7bad1260586fa746a0b67e930892936) Importer(815301076,1909f56bfc062723c751e8b465ee728b)  -> (artifact id: '180e7dfc2da17c111451b46e6b5efbff') in 0.021322 seconds
Number of updated asset objects reloaded before import = 0
Number of asset objects unloaded after import = 3
========================================================================
Received Import Request.
  Time since last request: 0.000015 seconds.
  path: Assets/Free Skyboxes - Space/SBS Space 5/Small/Textures/Left_Small.png
  artifactKey: Guid(c2838410b7df3af449e347057d4d1b8f) Importer(815301076,1909f56bfc062723c751e8b465ee728b)
Start importing Assets/Free Skyboxes - Space/SBS Space 5/Small/Textures/Left_Small.png using Guid(c2838410b7df3af449e347057d4d1b8f) Importer(815301076,1909f56bfc062723c751e8b465ee728b)  -> (artifact id: 'cb12f36dff188a80615c1c249f589e06') in 0.011047 seconds
Number of updated asset objects reloaded before import = 0
Number of asset objects unloaded after import = 2
========================================================================
Received Import Request.
  Time since last request: 0.000017 seconds.
  path: Assets/Free Skyboxes - Space/SBS Space 3/Small/Textures/Down_Small.png
  artifactKey: Guid(15b1c22456643244c8a38df9f9b4827e) Importer(815301076,1909f56bfc062723c751e8b465ee728b)
Start importing Assets/Free Skyboxes - Space/SBS Space 3/Small/Textures/Down_Small.png using Guid(15b1c22456643244c8a38df9f9b4827e) Importer(815301076,1909f56bfc062723c751e8b465ee728b)  -> (artifact id: '982fc83519fdd7ff8fabb36b16022240') in 0.018217 seconds
Number of updated asset objects reloaded before import = 0
Number of asset objects unloaded after import = 2
========================================================================
Received Import Request.
  Time since last request: 0.000022 seconds.
  path: Assets/Free Skyboxes - Space/SBS Space 4/Medium/Textures/Left_Medium.png
  artifactKey: Guid(2b0d1b37a958d594c927ed0f74c05325) Importer(815301076,1909f56bfc062723c751e8b465ee728b)
Start importing Assets/Free Skyboxes - Space/SBS Space 4/Medium/Textures/Left_Medium.png using Guid(2b0d1b37a958d594c927ed0f74c05325) Importer(815301076,1909f56bfc062723c751e8b465ee728b)  -> (artifact id: '037005abd58561feb63fc610ced0c4f1') in 0.026201 seconds
Number of updated asset objects reloaded before import = 0
Number of asset objects unloaded after import = 2
========================================================================
Received Import Request.
  Time since last request: 0.000010 seconds.
  path: Assets/Tree_Textures/diffuse.png
  artifactKey: Guid(789b811f990c8db499acd7002fa70329) Importer(815301076,1909f56bfc062723c751e8b465ee728b)
Start importing Assets/Tree_Textures/diffuse.png using Guid(789b811f990c8db499acd7002fa70329) Importer(815301076,1909f56bfc062723c751e8b465ee728b)  -> (artifact id: '860ebcf771025f9b9d805b4911fa6f56') in 0.005678 seconds
Number of updated asset objects reloaded before import = 0
Number of asset objects unloaded after import = 2
========================================================================
Received Import Request.
  Time since last request: 0.000014 seconds.
  path: Assets/Free Skyboxes - Space/SBS Space 4/Small/Textures/Up_Small.png
  artifactKey: Guid(cc07f5aabb9ca7040ac8ec1cb449afd6) Importer(815301076,1909f56bfc062723c751e8b465ee728b)
Start importing Assets/Free Skyboxes - Space/SBS Space 4/Small/Textures/Up_Small.png using Guid(cc07f5aabb9ca7040ac8ec1cb449afd6) Importer(815301076,1909f56bfc062723c751e8b465ee728b)  -> (artifact id: 'c7f55229133e0608ea196b34062defaf') in 0.009276 seconds
Number of updated asset objects reloaded before import = 0
Number of asset objects unloaded after import = 2
========================================================================
Received Import Request.
  Time since last request: 0.000016 seconds.
  path: Assets/Free Skyboxes - Space/SBS Space 4/Large/Textures/Front_Large.png
  artifactKey: Guid(4499b865f33358d4884f6427bc39a996) Importer(815301076,1909f56bfc062723c751e8b465ee728b)
Start importing Assets/Free Skyboxes - Space/SBS Space 4/Large/Textures/Front_Large.png using Guid(4499b865f33358d4884f6427bc39a996) Importer(815301076,1909f56bfc062723c751e8b465ee728b)  -> (artifact id: '6614a237793f54ea5a6ee5e152c01818') in 0.021063 seconds
Number of updated asset objects reloaded before import = 0
Number of asset objects unloaded after import = 2
========================================================================
Received Import Request.
  Time since last request: 0.000017 seconds.
  path: Assets/Free Skyboxes - Space/SBS Space 2/Large/Textures/Front_Large.png
  artifactKey: Guid(1ac53e5706d72474f8aeddb6a5aa5b24) Importer(815301076,1909f56bfc062723c751e8b465ee728b)
Start importing Assets/Free Skyboxes - Space/SBS Space 2/Large/Textures/Front_Large.png using Guid(1ac53e5706d72474f8aeddb6a5aa5b24) Importer(815301076,1909f56bfc062723c751e8b465ee728b)  -> (artifact id: '73b8a4ca9e47ca0b9905c1bbfc5c980e') in 0.126655 seconds
Number of updated asset objects reloaded before import = 0
Number of asset objects unloaded after import = 2
========================================================================
Received Import Request.
  Time since last request: 0.000024 seconds.
  path: Assets/Free Skyboxes - Space/SBS Space 4/Medium/Textures/Back_Medium.png
  artifactKey: Guid(ac89aa1df579ada4ba28159ee8bca5b7) Importer(815301076,1909f56bfc062723c751e8b465ee728b)
Start importing Assets/Free Skyboxes - Space/SBS Space 4/Medium/Textures/Back_Medium.png using Guid(ac89aa1df579ada4ba28159ee8bca5b7) Importer(815301076,1909f56bfc062723c751e8b465ee728b)  -> (artifact id: '9b9d0df4eb0615550405e9907ef107e1') in 0.027137 seconds
Number of updated asset objects reloaded before import = 0
Number of asset objects unloaded after import = 2
========================================================================
Received Import Request.
  Time since last request: 0.000025 seconds.
  path: Assets/Free Skyboxes - Space/SBS Space 4/Medium/Textures/Down_Medium.png
  artifactKey: Guid(e6239087ac6767a4181811c70dbf62d6) Importer(815301076,1909f56bfc062723c751e8b465ee728b)
Start importing Assets/Free Skyboxes - Space/SBS Space 4/Medium/Textures/Down_Medium.png using Guid(e6239087ac6767a4181811c70dbf62d6) Importer(815301076,1909f56bfc062723c751e8b465ee728b)  -> (artifact id: '30844519587712b728effff7a041a23b') in 0.033243 seconds
Number of updated asset objects reloaded before import = 0
Number of asset objects unloaded after import = 2
========================================================================
Received Import Request.
  Time since last request: 0.000036 seconds.
  path: Assets/Free Skyboxes - Space/SBS Space 4/Medium/Textures/Right_Medium.png
  artifactKey: Guid(60208fcc16a2a004a8bb82d1b58bd9b5) Importer(815301076,1909f56bfc062723c751e8b465ee728b)
Start importing Assets/Free Skyboxes - Space/SBS Space 4/Medium/Textures/Right_Medium.png using Guid(60208fcc16a2a004a8bb82d1b58bd9b5) Importer(815301076,1909f56bfc062723c751e8b465ee728b)  -> (artifact id: '4782a3bacc4d4d12eb488b61d0e8aca6') in 0.039658 seconds
Number of updated asset objects reloaded before import = 0
Number of asset objects unloaded after import = 2
========================================================================
Received Import Request.
  Time since last request: 0.000011 seconds.
  path: Assets/Samples/XR Interaction Toolkit/2.5.4/Starter Assets/DemoSceneAssets/Sprites/Forward.png
  artifactKey: Guid(f8ecc54972abacc46a93f671b0602139) Importer(815301076,1909f56bfc062723c751e8b465ee728b)
Start importing Assets/Samples/XR Interaction Toolkit/2.5.4/Starter Assets/DemoSceneAssets/Sprites/Forward.png using Guid(f8ecc54972abacc46a93f671b0602139) Importer(815301076,1909f56bfc062723c751e8b465ee728b)  -> (artifact id: '25345d92c4e27e90e3421c8eb5da8a31') in 0.008819 seconds
Number of updated asset objects reloaded before import = 0
Number of asset objects unloaded after import = 3
========================================================================
Received Import Request.
  Time since last request: 0.000019 seconds.
  path: Assets/Free Skyboxes - Space/SBS Space 2/Large/Textures/Back_Large.png
  artifactKey: Guid(82c46df918349224eb39c597169827bd) Importer(815301076,1909f56bfc062723c751e8b465ee728b)
Start importing Assets/Free Skyboxes - Space/SBS Space 2/Large/Textures/Back_Large.png using Guid(82c46df918349224eb39c597169827bd) Importer(815301076,1909f56bfc062723c751e8b465ee728b)  -> (artifact id: '5d0cb324d7580380e8e9768af45adbb8') in 0.107483 seconds
Number of updated asset objects reloaded before import = 0
Number of asset objects unloaded after import = 2
========================================================================
Received Import Request.
  Time since last request: 0.000039 seconds.
  path: Assets/Free Skyboxes - Space/SBS Space 4/Medium/Textures/Front_Medium.png
  artifactKey: Guid(0a1850368b4616f4485625507597ef19) Importer(815301076,1909f56bfc062723c751e8b465ee728b)
Start importing Assets/Free Skyboxes - Space/SBS Space 4/Medium/Textures/Front_Medium.png using Guid(0a1850368b4616f4485625507597ef19) Importer(815301076,1909f56bfc062723c751e8b465ee728b)  -> (artifact id: 'a474a487411303ad2a9077b357551e58') in 0.034861 seconds
Number of updated asset objects reloaded before import = 0
Number of asset objects unloaded after import = 2
========================================================================
Received Import Request.
  Time since last request: 0.000033 seconds.
  path: Assets/Free Skyboxes - Space/SBS Space 1/Large/Textures/Front_Space 1 Large.png
  artifactKey: Guid(ebb9078962d6e984a8e314966ba47605) Importer(815301076,1909f56bfc062723c751e8b465ee728b)
Start importing Assets/Free Skyboxes - Space/SBS Space 1/Large/Textures/Front_Space 1 Large.png using Guid(ebb9078962d6e984a8e314966ba47605) Importer(815301076,1909f56bfc062723c751e8b465ee728b)  -> (artifact id: 'f04fdc4a3af082a45d1c5e9aa33c798a') in 0.105820 seconds
Number of updated asset objects reloaded before import = 0
Number of asset objects unloaded after import = 2
Editor requested this worker to shutdown with reason: Scaling down because of idle timeout
TcpMessagingSession - receive error: operation aborted. errorcode: 995, details: The I/O operation has been aborted because of either a thread exit or an application request.
AssetImportWorker is now disconnected from the server
Process exiting
Exiting without the bug reporter. Application will terminate with return code 0